2024-11-03 20:43:48,262 - DEBUG - Loading environment variables from .env file
2024-11-03 20:43:48,262 - DEBUG - Loaded 11 variables from .env
2024-11-03 20:44:11,106 - DEBUG - Loading environment variables from .env file
2024-11-03 20:44:11,106 - DEBUG - Loaded 1 variables from .env
2024-11-03 20:44:11,106 - DEBUG - Saving environment variables to .env file
2024-11-03 20:44:11,107 - DEBUG - Successfully saved 10 variables to .env
2024-11-03 20:44:11,107 - INFO - Configuration saved successfully
2024-11-03 20:44:11,107 - DEBUG - Loading environment variables from .env file
2024-11-03 20:44:11,111 - DEBUG - Loaded 10 variables from .env
2024-11-03 20:44:11,112 - DEBUG - Saving environment variables to .env file
2024-11-03 20:44:11,113 - DEBUG - Successfully saved 10 variables to .env
2024-11-03 20:44:11,113 - INFO - Configuration saved successfully
2024-11-03 20:44:11,113 - DEBUG - Progress update: 0%, Status: Starting installation...
2024-11-03 20:44:11,114 - DEBUG - Progress update: 0%, Status: Processing VAE Model (1/4)...
2024-11-03 20:44:11,116 - DEBUG - Progress update: 100%, Status: VAE Model already exists, skipping...
2024-11-03 20:44:11,117 - DEBUG - Progress update: 0%, Status: Processing CLIP_L (2/4)...
2024-11-03 20:44:11,119 - DEBUG - Progress update: 100%, Status: CLIP_L already exists, skipping...
2024-11-03 20:44:11,119 - DEBUG - Progress update: 0%, Status: Processing T5XXL_FP16 (3/4)...
2024-11-03 20:44:11,121 - DEBUG - Progress update: 100%, Status: T5XXL_FP16 already exists, skipping...
2024-11-03 20:44:11,122 - DEBUG - Progress update: 0%, Status: Processing T5XXL_FP8 (4/4)...
2024-11-03 20:44:11,123 - DEBUG - Progress update: 100%, Status: T5XXL_FP8 already exists, skipping...
2024-11-03 20:44:11,125 - DEBUG - Progress update: 0%, Status: Processing checkpoint FLUX 10GB...
2024-11-03 20:44:11,127 - DEBUG - Progress update: 100%, Status: Checkpoint already exists, skipping...
2024-11-03 20:44:11,127 - DEBUG - Loading environment variables from .env file
2024-11-03 20:44:11,129 - DEBUG - Loaded 10 variables from .env
2024-11-03 20:44:11,129 - DEBUG - Saving environment variables to .env file
2024-11-03 20:44:11,130 - DEBUG - Successfully saved 11 variables to .env
2024-11-03 20:44:11,130 - DEBUG - Updated fluxversion in .env to fluxfusion10GB4step.json
2024-11-03 20:44:11,130 - DEBUG - Progress update: 90%, Status: Moving additional required files...
2024-11-03 20:44:11,131 - WARNING - Source upscale model not found at C:\Users\NVMax\Desktop\FluxComfyDiscordbot\ComfyUI\models\upscale_models\4x-ClearRealityV1.pth
2024-11-03 20:44:11,132 - INFO - Moving ratios.json from C:\Users\NVMax\Desktop\FluxComfyDiscordbot\required_files\ratios.json to C:/Users/NVMax/Desktop/ComfyUI_windows_portable/ComfyUI\custom_nodes\mikey_nodes\ratios.json
2024-11-03 20:44:11,133 - INFO - ratios.json copied successfully
2024-11-03 20:44:11,133 - DEBUG - Progress update: 100%, Status: Installation completed successfully!
